2026-06-14T02:06:25.507+05:00  INFO 10704 --- [ClickUp] [main] u.pdp.online.clickup.ClickUpApplication  : Starting ClickUpApplication using Java 25.0.3 with PID 10704 (/home/ozodbek/IdeaProjects/ClickUp/target/classes started by ozodbek in /home/ozodbek/IdeaProjects/ClickUp)
2026-06-14T02:06:25.523+05:00  INFO 10704 --- [ClickUp] [main] u.pdp.online.clickup.ClickUpApplication  : No active profile set, falling back to 1 default profile: "default"
2026-06-14T02:06:27.012+05:00  INFO 10704 --- [ClickUp] [main] .s.d.r.c.RepositoryConfigurationDelegate : Bootstrapping Spring Data JPA repositories in DEFAULT mode.
2026-06-14T02:06:27.156+05:00  INFO 10704 --- [ClickUp] [main] .s.d.r.c.RepositoryConfigurationDelegate : Finished Spring Data repository scanning in 131 ms. Found 20 JPA repository interfaces.
2026-06-14T02:06:27.852+05:00  INFO 10704 --- [ClickUp] [main] o.s.boot.tomcat.TomcatWebServer          : Tomcat initialized with port 8080 (http)
2026-06-14T02:06:27.873+05:00  INFO 10704 --- [ClickUp] [main] o.apache.catalina.core.StandardService   : Starting service [Tomcat]
2026-06-14T02:06:27.873+05:00  INFO 10704 --- [ClickUp] [main] o.apache.catalina.core.StandardEngine    : Starting Servlet engine: [Apache Tomcat/11.0.21]
2026-06-14T02:06:27.909+05:00  INFO 10704 --- [ClickUp] [main] b.w.c.s.WebApplicationContextInitializer : Root WebApplicationContext: initialization completed in 2284 ms
2026-06-14T02:06:28.061+05:00  INFO 10704 --- [ClickUp] [main] org.hibernate.orm.jpa                    : HHH008540: Processing PersistenceUnitInfo [name: default]
2026-06-14T02:06:28.140+05:00  INFO 10704 --- [ClickUp] [main] org.hibernate.orm.core                   : HHH000001: Hibernate ORM core version 7.2.12.Final
2026-06-14T02:06:28.572+05:00  INFO 10704 --- [ClickUp] [main] o.s.o.j.p.SpringPersistenceUnitInfo      : No LoadTimeWeaver setup: ignoring JPA class transformer
2026-06-14T02:06:28.602+05:00  INFO 10704 --- [ClickUp] [main] com.zaxxer.hikari.HikariDataSource       : HikariPool-1 - Starting...
2026-06-14T02:06:28.970+05:00  INFO 10704 --- [ClickUp] [main] com.zaxxer.hikari.pool.HikariPool        : HikariPool-1 - Added connection org.postgresql.jdbc.PgConnection@191774d6
2026-06-14T02:06:28.971+05:00  INFO 10704 --- [ClickUp] [main] com.zaxxer.hikari.HikariDataSource       : HikariPool-1 - Start completed.
2026-06-14T02:06:29.014+05:00  WARN 10704 --- [ClickUp] [main] org.hibernate.orm.deprecation            : HHH90000025: PostgreSQLDialect does not need to be specified explicitly using 'hibernate.dialect' (remove the property setting and it will be selected by default)
2026-06-14T02:06:29.040+05:00  INFO 10704 --- [ClickUp] [main] org.hibernate.orm.connections.pooling    : HHH10001005: Database info:
	Database JDBC URL [jdbc:postgresql://localhost:5432/clickup_db]
	Database driver: PostgreSQL JDBC Driver
	Database dialect: PostgreSQLDialect
	Database version: 18.4
	Default catalog/schema: clickup_db/public
	Autocommit mode: undefined/unknown
	Isolation level: READ_COMMITTED [default READ_COMMITTED]
	JDBC fetch size: none
	Pool: DataSourceConnectionProvider
	Minimum pool size: undefined/unknown
	Maximum pool size: undefined/unknown
2026-06-14T02:06:30.626+05:00  INFO 10704 --- [ClickUp] [main] org.hibernate.orm.core                   : HHH000489: No JTA platform available (set 'hibernate.transaction.jta.platform' to enable JTA platform integration)
2026-06-14T02:06:30.736+05:00  WARN 10704 --- [ClickUp] [main] org.hibernate.orm.jdbc.warn              : HHH000247: ErrorCode: 0, SQLState: 00000
2026-06-14T02:06:30.737+05:00  WARN 10704 --- [ClickUp] [main] org.hibernate.orm.jdbc.warn              : constraint "uke3ws1rr7tgqbj604cmcqu5dk6" of relation "workspace" does not exist, skipping
2026-06-14T02:06:30.746+05:00  WARN 10704 --- [ClickUp] [main] org.hibernate.orm.jdbc.warn              : HHH000247: ErrorCode: 0, SQLState: 00000
2026-06-14T02:06:30.747+05:00  WARN 10704 --- [ClickUp] [main] org.hibernate.orm.jdbc.warn              : constraint "uk1lv8cigrxptsotoxiesbtokyy" of relation "workspace_role" does not exist, skipping
2026-06-14T02:06:30.777+05:00  INFO 10704 --- [ClickUp] [main] j.LocalContainerEntityManagerFactoryBean : Initialized JPA EntityManagerFactory for persistence unit 'default'
2026-06-14T02:06:30.864+05:00  INFO 10704 --- [ClickUp] [main] o.s.d.j.r.query.QueryEnhancerFactories   : Hibernate is in classpath; If applicable, HQL parser will be used.
2026-06-14T02:06:31.591+05:00  INFO 10704 --- [ClickUp] [main] r$InitializeUserDetailsManagerConfigurer : Global AuthenticationManager configured with UserDetailsService bean with name customUserDetailsService
2026-06-14T02:06:32.933+05:00  INFO 10704 --- [ClickUp] [main] o.s.boot.tomcat.TomcatWebServer          : Tomcat started on port 8080 (http) with context path '/'
2026-06-14T02:06:32.940+05:00  INFO 10704 --- [ClickUp] [main] u.pdp.online.clickup.ClickUpApplication  : Started ClickUpApplication in 8.434 seconds (process running for 9.412)
2026-06-14T03:16:16.475+05:00  INFO 17529 --- [ClickUp] [main] u.pdp.online.clickup.ClickUpApplication  : Starting ClickUpApplication using Java 25.0.3 with PID 17529 (/home/ozodbek/IdeaProjects/ClickUp/target/classes started by ozodbek in /home/ozodbek/IdeaProjects/ClickUp)
2026-06-14T03:16:16.480+05:00  INFO 17529 --- [ClickUp] [main] u.pdp.online.clickup.ClickUpApplication  : No active profile set, falling back to 1 default profile: "default"
2026-06-14T03:16:17.410+05:00  INFO 17529 --- [ClickUp] [main] .s.d.r.c.RepositoryConfigurationDelegate : Bootstrapping Spring Data JPA repositories in DEFAULT mode.
2026-06-14T03:16:17.501+05:00  INFO 17529 --- [ClickUp] [main] .s.d.r.c.RepositoryConfigurationDelegate : Finished Spring Data repository scanning in 82 ms. Found 22 JPA repository interfaces.
2026-06-14T03:16:18.143+05:00  INFO 17529 --- [ClickUp] [main] o.s.boot.tomcat.TomcatWebServer          : Tomcat initialized with port 8080 (http)
2026-06-14T03:16:18.169+05:00  INFO 17529 --- [ClickUp] [main] o.apache.catalina.core.StandardService   : Starting service [Tomcat]
2026-06-14T03:16:18.170+05:00  INFO 17529 --- [ClickUp] [main] o.apache.catalina.core.StandardEngine    : Starting Servlet engine: [Apache Tomcat/11.0.21]
2026-06-14T03:16:18.202+05:00  INFO 17529 --- [ClickUp] [main] b.w.c.s.WebApplicationContextInitializer : Root WebApplicationContext: initialization completed in 1658 ms
2026-06-14T03:16:18.345+05:00  INFO 17529 --- [ClickUp] [main] org.hibernate.orm.jpa                    : HHH008540: Processing PersistenceUnitInfo [name: default]
2026-06-14T03:16:18.401+05:00  INFO 17529 --- [ClickUp] [main] org.hibernate.orm.core                   : HHH000001: Hibernate ORM core version 7.2.12.Final
2026-06-14T03:16:18.858+05:00  INFO 17529 --- [ClickUp] [main] o.s.o.j.p.SpringPersistenceUnitInfo      : No LoadTimeWeaver setup: ignoring JPA class transformer
2026-06-14T03:16:18.902+05:00  INFO 17529 --- [ClickUp] [main] com.zaxxer.hikari.HikariDataSource       : HikariPool-1 - Starting...
2026-06-14T03:16:19.265+05:00  INFO 17529 --- [ClickUp] [main] com.zaxxer.hikari.pool.HikariPool        : HikariPool-1 - Added connection org.postgresql.jdbc.PgConnection@44618fe6
2026-06-14T03:16:19.267+05:00  INFO 17529 --- [ClickUp] [main] com.zaxxer.hikari.HikariDataSource       : HikariPool-1 - Start completed.
2026-06-14T03:16:19.307+05:00  WARN 17529 --- [ClickUp] [main] org.hibernate.orm.deprecation            : HHH90000025: PostgreSQLDialect does not need to be specified explicitly using 'hibernate.dialect' (remove the property setting and it will be selected by default)
2026-06-14T03:16:19.329+05:00  INFO 17529 --- [ClickUp] [main] org.hibernate.orm.connections.pooling    : HHH10001005: Database info:
	Database JDBC URL [jdbc:postgresql://localhost:5432/clickup_db]
	Database driver: PostgreSQL JDBC Driver
	Database dialect: PostgreSQLDialect
	Database version: 18.4
	Default catalog/schema: clickup_db/public
	Autocommit mode: undefined/unknown
	Isolation level: READ_COMMITTED [default READ_COMMITTED]
	JDBC fetch size: none
	Pool: DataSourceConnectionProvider
	Minimum pool size: undefined/unknown
	Maximum pool size: undefined/unknown
2026-06-14T03:16:20.744+05:00  INFO 17529 --- [ClickUp] [main] org.hibernate.orm.core                   : HHH000489: No JTA platform available (set 'hibernate.transaction.jta.platform' to enable JTA platform integration)
2026-06-14T03:16:20.869+05:00  INFO 17529 --- [ClickUp] [main] j.LocalContainerEntityManagerFactoryBean : Initialized JPA EntityManagerFactory for persistence unit 'default'
2026-06-14T03:16:20.942+05:00  INFO 17529 --- [ClickUp] [main] o.s.d.j.r.query.QueryEnhancerFactories   : Hibernate is in classpath; If applicable, HQL parser will be used.
2026-06-14T03:16:21.630+05:00  INFO 17529 --- [ClickUp] [main] r$InitializeUserDetailsManagerConfigurer : Global AuthenticationManager configured with UserDetailsService bean with name customUserDetailsService
2026-06-14T03:16:22.966+05:00  WARN 17529 --- [ClickUp] [main] ConfigServletWebServerApplicationContext : Exception encountered during context initialization - cancelling refresh attempt: org.springframework.context.ApplicationContextException: Failed to start bean 'webServerStartStop'
2026-06-14T03:16:22.972+05:00  INFO 17529 --- [ClickUp] [main] j.LocalContainerEntityManagerFactoryBean : Closing JPA EntityManagerFactory for persistence unit 'default'
2026-06-14T03:16:22.974+05:00  INFO 17529 --- [ClickUp] [main] com.zaxxer.hikari.HikariDataSource       : HikariPool-1 - Shutdown initiated...
2026-06-14T03:16:22.983+05:00  INFO 17529 --- [ClickUp] [main] com.zaxxer.hikari.HikariDataSource       : HikariPool-1 - Shutdown completed.
2026-06-14T03:16:22.993+05:00  INFO 17529 --- [ClickUp] [main] .s.b.a.l.ConditionEvaluationReportLogger : 

Error starting ApplicationContext. To display the condition evaluation report re-run your application with 'debug' enabled.
2026-06-14T03:16:23.003+05:00 ERROR 17529 --- [ClickUp] [main] o.s.boot.SpringApplication               : Application run failed

org.springframework.context.ApplicationContextException: Failed to start bean 'webServerStartStop'
	at org.springframework.context.support.DefaultLifecycleProcessor.doStart(DefaultLifecycleProcessor.java:423) ~[spring-context-7.0.7.jar:7.0.7]
	at org.springframework.context.support.DefaultLifecycleProcessor.doStart(DefaultLifecycleProcessor.java:409) ~[spring-context-7.0.7.jar:7.0.7]
	at org.springframework.context.support.DefaultLifecycleProcessor$LifecycleGroup.start(DefaultLifecycleProcessor.java:613) ~[spring-context-7.0.7.jar:7.0.7]
	at java.base/java.lang.Iterable.forEach(Iterable.java:75) ~[na:na]
	at org.springframework.context.support.DefaultLifecycleProcessor.startBeans(DefaultLifecycleProcessor.java:379) ~[spring-context-7.0.7.jar:7.0.7]
	at org.springframework.context.support.DefaultLifecycleProcessor.onRefresh(DefaultLifecycleProcessor.java:306) ~[spring-context-7.0.7.jar:7.0.7]
	at org.springframework.context.support.AbstractApplicationContext.finishRefresh(AbstractApplicationContext.java:1013) ~[spring-context-7.0.7.jar:7.0.7]
	at org.springframework.context.support.AbstractApplicationContext.refresh(AbstractApplicationContext.java:624) ~[spring-context-7.0.7.jar:7.0.7]
	at org.springframework.boot.web.server.servlet.context.ServletWebServerApplicationContext.refresh(ServletWebServerApplicationContext.java:143) ~[spring-boot-web-server-4.0.6.jar:4.0.6]
	at org.springframework.boot.SpringApplication.refresh(SpringApplication.java:756) ~[spring-boot-4.0.6.jar:4.0.6]
	at org.springframework.boot.SpringApplication.refreshContext(SpringApplication.java:445) ~[spring-boot-4.0.6.jar:4.0.6]
	at org.springframework.boot.SpringApplication.run(SpringApplication.java:321) ~[spring-boot-4.0.6.jar:4.0.6]
	at org.springframework.boot.SpringApplication.run(SpringApplication.java:1365) ~[spring-boot-4.0.6.jar:4.0.6]
	at org.springframework.boot.SpringApplication.run(SpringApplication.java:1354) ~[spring-boot-4.0.6.jar:4.0.6]
	at uz.pdp.online.clickup.ClickUpApplication.main(ClickUpApplication.java:10) ~[classes/:na]
Caused by: org.springframework.boot.web.server.WebServerException: Unable to start embedded Tomcat server
	at org.springframework.boot.tomcat.TomcatWebServer.start(TomcatWebServer.java:248) ~[spring-boot-tomcat-4.0.6.jar:4.0.6]
	at org.springframework.boot.web.server.servlet.context.WebServerStartStopLifecycle.start(WebServerStartStopLifecycle.java:44) ~[spring-boot-web-server-4.0.6.jar:4.0.6]
	at org.springframework.context.support.DefaultLifecycleProcessor.doStart(DefaultLifecycleProcessor.java:420) ~[spring-context-7.0.7.jar:7.0.7]
	... 14 common frames omitted
Caused by: java.lang.IllegalArgumentException: standardService.connector.startFailed
	at org.apache.catalina.core.StandardService.addConnector(StandardService.java:220) ~[tomcat-embed-core-11.0.21.jar:11.0.21]
	at org.springframework.boot.tomcat.TomcatWebServer.addPreviouslyRemovedConnectors(TomcatWebServer.java:307) ~[spring-boot-tomcat-4.0.6.jar:4.0.6]
	at org.springframework.boot.tomcat.TomcatWebServer.start(TomcatWebServer.java:233) ~[spring-boot-tomcat-4.0.6.jar:4.0.6]
	... 16 common frames omitted
Caused by: org.apache.catalina.LifecycleException: Protocol handler start failed
	at org.apache.catalina.connector.Connector.startInternal(Connector.java:1119) ~[tomcat-embed-core-11.0.21.jar:11.0.21]
	at org.apache.catalina.util.LifecycleBase.start(LifecycleBase.java:164) ~[tomcat-embed-core-11.0.21.jar:11.0.21]
	at org.apache.catalina.core.StandardService.addConnector(StandardService.java:217) ~[tomcat-embed-core-11.0.21.jar:11.0.21]
	... 18 common frames omitted
Caused by: java.net.BindException: Адрес уже используется
	at java.base/sun.nio.ch.Net.bind0(Native Method) ~[na:na]
	at java.base/sun.nio.ch.Net.bind(Net.java:522) ~[na:na]
	at java.base/sun.nio.ch.ServerSocketChannelImpl.netBind(ServerSocketChannelImpl.java:335) ~[na:na]
	at java.base/sun.nio.ch.ServerSocketChannelImpl.bind(ServerSocketChannelImpl.java:297) ~[na:na]
	at org.apache.tomcat.util.net.NioEndpoint.initServerSocket(NioEndpoint.java:265) ~[tomcat-embed-core-11.0.21.jar:11.0.21]
	at org.apache.tomcat.util.net.NioEndpoint.bind(NioEndpoint.java:220) ~[tomcat-embed-core-11.0.21.jar:11.0.21]
	at org.apache.tomcat.util.net.AbstractEndpoint.bindWithCleanup(AbstractEndpoint.java:1640) ~[tomcat-embed-core-11.0.21.jar:11.0.21]
	at org.apache.tomcat.util.net.AbstractEndpoint.start(AbstractEndpoint.java:1723) ~[tomcat-embed-core-11.0.21.jar:11.0.21]
	at org.apache.coyote.AbstractProtocol.start(AbstractProtocol.java:644) ~[tomcat-embed-core-11.0.21.jar:11.0.21]
	at org.apache.catalina.connector.Connector.startInternal(Connector.java:1116) ~[tomcat-embed-core-11.0.21.jar:11.0.21]
	... 20 common frames omitted

2026-06-14T03:17:16.179+05:00  INFO 18029 --- [ClickUp] [main] u.pdp.online.clickup.ClickUpApplication  : Starting ClickUpApplication using Java 25.0.3 with PID 18029 (/home/ozodbek/IdeaProjects/ClickUp/target/classes started by ozodbek in /home/ozodbek/IdeaProjects/ClickUp)
2026-06-14T03:17:16.183+05:00  INFO 18029 --- [ClickUp] [main] u.pdp.online.clickup.ClickUpApplication  : No active profile set, falling back to 1 default profile: "default"
2026-06-14T03:17:16.902+05:00  INFO 18029 --- [ClickUp] [main] .s.d.r.c.RepositoryConfigurationDelegate : Bootstrapping Spring Data JPA repositories in DEFAULT mode.
2026-06-14T03:17:16.994+05:00  INFO 18029 --- [ClickUp] [main] .s.d.r.c.RepositoryConfigurationDelegate : Finished Spring Data repository scanning in 84 ms. Found 22 JPA repository interfaces.
2026-06-14T03:17:17.593+05:00  INFO 18029 --- [ClickUp] [main] o.s.boot.tomcat.TomcatWebServer          : Tomcat initialized with port 8080 (http)
2026-06-14T03:17:17.626+05:00  INFO 18029 --- [ClickUp] [main] o.apache.catalina.core.StandardService   : Starting service [Tomcat]
2026-06-14T03:17:17.627+05:00  INFO 18029 --- [ClickUp] [main] o.apache.catalina.core.StandardEngine    : Starting Servlet engine: [Apache Tomcat/11.0.21]
2026-06-14T03:17:17.657+05:00  INFO 18029 --- [ClickUp] [main] b.w.c.s.WebApplicationContextInitializer : Root WebApplicationContext: initialization completed in 1420 ms
2026-06-14T03:17:17.793+05:00  INFO 18029 --- [ClickUp] [main] org.hibernate.orm.jpa                    : HHH008540: Processing PersistenceUnitInfo [name: default]
2026-06-14T03:17:17.839+05:00  INFO 18029 --- [ClickUp] [main] org.hibernate.orm.core                   : HHH000001: Hibernate ORM core version 7.2.12.Final
2026-06-14T03:17:18.205+05:00  INFO 18029 --- [ClickUp] [main] o.s.o.j.p.SpringPersistenceUnitInfo      : No LoadTimeWeaver setup: ignoring JPA class transformer
2026-06-14T03:17:18.230+05:00  INFO 18029 --- [ClickUp] [main] com.zaxxer.hikari.HikariDataSource       : HikariPool-1 - Starting...
2026-06-14T03:17:18.512+05:00  INFO 18029 --- [ClickUp] [main] com.zaxxer.hikari.pool.HikariPool        : HikariPool-1 - Added connection org.postgresql.jdbc.PgConnection@14fff5e7
2026-06-14T03:17:18.514+05:00  INFO 18029 --- [ClickUp] [main] com.zaxxer.hikari.HikariDataSource       : HikariPool-1 - Start completed.
2026-06-14T03:17:18.536+05:00  WARN 18029 --- [ClickUp] [main] org.hibernate.orm.deprecation            : HHH90000025: PostgreSQLDialect does not need to be specified explicitly using 'hibernate.dialect' (remove the property setting and it will be selected by default)
2026-06-14T03:17:18.554+05:00  INFO 18029 --- [ClickUp] [main] org.hibernate.orm.connections.pooling    : HHH10001005: Database info:
	Database JDBC URL [jdbc:postgresql://localhost:5432/clickup_db]
	Database driver: PostgreSQL JDBC Driver
	Database dialect: PostgreSQLDialect
	Database version: 18.4
	Default catalog/schema: clickup_db/public
	Autocommit mode: undefined/unknown
	Isolation level: READ_COMMITTED [default READ_COMMITTED]
	JDBC fetch size: none
	Pool: DataSourceConnectionProvider
	Minimum pool size: undefined/unknown
	Maximum pool size: undefined/unknown
2026-06-14T03:17:19.864+05:00  INFO 18029 --- [ClickUp] [main] org.hibernate.orm.core                   : HHH000489: No JTA platform available (set 'hibernate.transaction.jta.platform' to enable JTA platform integration)
2026-06-14T03:17:19.958+05:00  INFO 18029 --- [ClickUp] [main] j.LocalContainerEntityManagerFactoryBean : Initialized JPA EntityManagerFactory for persistence unit 'default'
2026-06-14T03:17:20.018+05:00  INFO 18029 --- [ClickUp] [main] o.s.d.j.r.query.QueryEnhancerFactories   : Hibernate is in classpath; If applicable, HQL parser will be used.
2026-06-14T03:17:20.628+05:00  INFO 18029 --- [ClickUp] [main] r$InitializeUserDetailsManagerConfigurer : Global AuthenticationManager configured with UserDetailsService bean with name customUserDetailsService
2026-06-14T03:17:21.940+05:00  WARN 18029 --- [ClickUp] [main] ConfigServletWebServerApplicationContext : Exception encountered during context initialization - cancelling refresh attempt: org.springframework.context.ApplicationContextException: Failed to start bean 'webServerStartStop'
2026-06-14T03:17:21.946+05:00  INFO 18029 --- [ClickUp] [main] j.LocalContainerEntityManagerFactoryBean : Closing JPA EntityManagerFactory for persistence unit 'default'
2026-06-14T03:17:21.948+05:00  INFO 18029 --- [ClickUp] [main] com.zaxxer.hikari.HikariDataSource       : HikariPool-1 - Shutdown initiated...
2026-06-14T03:17:21.956+05:00  INFO 18029 --- [ClickUp] [main] com.zaxxer.hikari.HikariDataSource       : HikariPool-1 - Shutdown completed.
2026-06-14T03:17:21.966+05:00  INFO 18029 --- [ClickUp] [main] .s.b.a.l.ConditionEvaluationReportLogger : 

Error starting ApplicationContext. To display the condition evaluation report re-run your application with 'debug' enabled.
2026-06-14T03:17:21.977+05:00 ERROR 18029 --- [ClickUp] [main] o.s.boot.SpringApplication               : Application run failed

org.springframework.context.ApplicationContextException: Failed to start bean 'webServerStartStop'
	at org.springframework.context.support.DefaultLifecycleProcessor.doStart(DefaultLifecycleProcessor.java:423) ~[spring-context-7.0.7.jar:7.0.7]
	at org.springframework.context.support.DefaultLifecycleProcessor.doStart(DefaultLifecycleProcessor.java:409) ~[spring-context-7.0.7.jar:7.0.7]
	at org.springframework.context.support.DefaultLifecycleProcessor$LifecycleGroup.start(DefaultLifecycleProcessor.java:613) ~[spring-context-7.0.7.jar:7.0.7]
	at java.base/java.lang.Iterable.forEach(Iterable.java:75) ~[na:na]
	at org.springframework.context.support.DefaultLifecycleProcessor.startBeans(DefaultLifecycleProcessor.java:379) ~[spring-context-7.0.7.jar:7.0.7]
	at org.springframework.context.support.DefaultLifecycleProcessor.onRefresh(DefaultLifecycleProcessor.java:306) ~[spring-context-7.0.7.jar:7.0.7]
	at org.springframework.context.support.AbstractApplicationContext.finishRefresh(AbstractApplicationContext.java:1013) ~[spring-context-7.0.7.jar:7.0.7]
	at org.springframework.context.support.AbstractApplicationContext.refresh(AbstractApplicationContext.java:624) ~[spring-context-7.0.7.jar:7.0.7]
	at org.springframework.boot.web.server.servlet.context.ServletWebServerApplicationContext.refresh(ServletWebServerApplicationContext.java:143) ~[spring-boot-web-server-4.0.6.jar:4.0.6]
	at org.springframework.boot.SpringApplication.refresh(SpringApplication.java:756) ~[spring-boot-4.0.6.jar:4.0.6]
	at org.springframework.boot.SpringApplication.refreshContext(SpringApplication.java:445) ~[spring-boot-4.0.6.jar:4.0.6]
	at org.springframework.boot.SpringApplication.run(SpringApplication.java:321) ~[spring-boot-4.0.6.jar:4.0.6]
	at org.springframework.boot.SpringApplication.run(SpringApplication.java:1365) ~[spring-boot-4.0.6.jar:4.0.6]
	at org.springframework.boot.SpringApplication.run(SpringApplication.java:1354) ~[spring-boot-4.0.6.jar:4.0.6]
	at uz.pdp.online.clickup.ClickUpApplication.main(ClickUpApplication.java:10) ~[classes/:na]
Caused by: org.springframework.boot.web.server.WebServerException: Unable to start embedded Tomcat server
	at org.springframework.boot.tomcat.TomcatWebServer.start(TomcatWebServer.java:248) ~[spring-boot-tomcat-4.0.6.jar:4.0.6]
	at org.springframework.boot.web.server.servlet.context.WebServerStartStopLifecycle.start(WebServerStartStopLifecycle.java:44) ~[spring-boot-web-server-4.0.6.jar:4.0.6]
	at org.springframework.context.support.DefaultLifecycleProcessor.doStart(DefaultLifecycleProcessor.java:420) ~[spring-context-7.0.7.jar:7.0.7]
	... 14 common frames omitted
Caused by: java.lang.IllegalArgumentException: standardService.connector.startFailed
	at org.apache.catalina.core.StandardService.addConnector(StandardService.java:220) ~[tomcat-embed-core-11.0.21.jar:11.0.21]
	at org.springframework.boot.tomcat.TomcatWebServer.addPreviouslyRemovedConnectors(TomcatWebServer.java:307) ~[spring-boot-tomcat-4.0.6.jar:4.0.6]
	at org.springframework.boot.tomcat.TomcatWebServer.start(TomcatWebServer.java:233) ~[spring-boot-tomcat-4.0.6.jar:4.0.6]
	... 16 common frames omitted
Caused by: org.apache.catalina.LifecycleException: Protocol handler start failed
	at org.apache.catalina.connector.Connector.startInternal(Connector.java:1119) ~[tomcat-embed-core-11.0.21.jar:11.0.21]
	at org.apache.catalina.util.LifecycleBase.start(LifecycleBase.java:164) ~[tomcat-embed-core-11.0.21.jar:11.0.21]
	at org.apache.catalina.core.StandardService.addConnector(StandardService.java:217) ~[tomcat-embed-core-11.0.21.jar:11.0.21]
	... 18 common frames omitted
Caused by: java.net.BindException: Адрес уже используется
	at java.base/sun.nio.ch.Net.bind0(Native Method) ~[na:na]
	at java.base/sun.nio.ch.Net.bind(Net.java:522) ~[na:na]
	at java.base/sun.nio.ch.ServerSocketChannelImpl.netBind(ServerSocketChannelImpl.java:335) ~[na:na]
	at java.base/sun.nio.ch.ServerSocketChannelImpl.bind(ServerSocketChannelImpl.java:297) ~[na:na]
	at org.apache.tomcat.util.net.NioEndpoint.initServerSocket(NioEndpoint.java:265) ~[tomcat-embed-core-11.0.21.jar:11.0.21]
	at org.apache.tomcat.util.net.NioEndpoint.bind(NioEndpoint.java:220) ~[tomcat-embed-core-11.0.21.jar:11.0.21]
	at org.apache.tomcat.util.net.AbstractEndpoint.bindWithCleanup(AbstractEndpoint.java:1640) ~[tomcat-embed-core-11.0.21.jar:11.0.21]
	at org.apache.tomcat.util.net.AbstractEndpoint.start(AbstractEndpoint.java:1723) ~[tomcat-embed-core-11.0.21.jar:11.0.21]
	at org.apache.coyote.AbstractProtocol.start(AbstractProtocol.java:644) ~[tomcat-embed-core-11.0.21.jar:11.0.21]
	at org.apache.catalina.connector.Connector.startInternal(Connector.java:1116) ~[tomcat-embed-core-11.0.21.jar:11.0.21]
	... 20 common frames omitted

2026-06-14T03:19:48.795+05:00  INFO 18757 --- [ClickUp] [main] u.pdp.online.clickup.ClickUpApplication  : Starting ClickUpApplication using Java 25.0.3 with PID 18757 (/home/ozodbek/IdeaProjects/ClickUp/target/classes started by ozodbek in /home/ozodbek/IdeaProjects/ClickUp)
2026-06-14T03:19:48.799+05:00  INFO 18757 --- [ClickUp] [main] u.pdp.online.clickup.ClickUpApplication  : No active profile set, falling back to 1 default profile: "default"
2026-06-14T03:19:49.651+05:00  INFO 18757 --- [ClickUp] [main] .s.d.r.c.RepositoryConfigurationDelegate : Bootstrapping Spring Data JPA repositories in DEFAULT mode.
2026-06-14T03:19:49.742+05:00  INFO 18757 --- [ClickUp] [main] .s.d.r.c.RepositoryConfigurationDelegate : Finished Spring Data repository scanning in 83 ms. Found 22 JPA repository interfaces.
2026-06-14T03:19:50.417+05:00  INFO 18757 --- [ClickUp] [main] o.s.boot.tomcat.TomcatWebServer          : Tomcat initialized with port 8080 (http)
2026-06-14T03:19:50.429+05:00  INFO 18757 --- [ClickUp] [main] o.apache.catalina.core.StandardService   : Starting service [Tomcat]
2026-06-14T03:19:50.430+05:00  INFO 18757 --- [ClickUp] [main] o.apache.catalina.core.StandardEngine    : Starting Servlet engine: [Apache Tomcat/11.0.21]
2026-06-14T03:19:50.465+05:00  INFO 18757 --- [ClickUp] [main] b.w.c.s.WebApplicationContextInitializer : Root WebApplicationContext: initialization completed in 1614 ms
2026-06-14T03:19:50.626+05:00  INFO 18757 --- [ClickUp] [main] org.hibernate.orm.jpa                    : HHH008540: Processing PersistenceUnitInfo [name: default]
2026-06-14T03:19:50.690+05:00  INFO 18757 --- [ClickUp] [main] org.hibernate.orm.core                   : HHH000001: Hibernate ORM core version 7.2.12.Final
2026-06-14T03:19:51.111+05:00  INFO 18757 --- [ClickUp] [main] o.s.o.j.p.SpringPersistenceUnitInfo      : No LoadTimeWeaver setup: ignoring JPA class transformer
2026-06-14T03:19:51.139+05:00  INFO 18757 --- [ClickUp] [main] com.zaxxer.hikari.HikariDataSource       : HikariPool-1 - Starting...
2026-06-14T03:19:51.496+05:00  INFO 18757 --- [ClickUp] [main] com.zaxxer.hikari.pool.HikariPool        : HikariPool-1 - Added connection org.postgresql.jdbc.PgConnection@796fe2b5
2026-06-14T03:19:51.498+05:00  INFO 18757 --- [ClickUp] [main] com.zaxxer.hikari.HikariDataSource       : HikariPool-1 - Start completed.
2026-06-14T03:19:51.526+05:00  WARN 18757 --- [ClickUp] [main] org.hibernate.orm.deprecation            : HHH90000025: PostgreSQLDialect does not need to be specified explicitly using 'hibernate.dialect' (remove the property setting and it will be selected by default)
2026-06-14T03:19:51.546+05:00  INFO 18757 --- [ClickUp] [main] org.hibernate.orm.connections.pooling    : HHH10001005: Database info:
	Database JDBC URL [jdbc:postgresql://localhost:5432/clickup_db]
	Database driver: PostgreSQL JDBC Driver
	Database dialect: PostgreSQLDialect
	Database version: 18.4
	Default catalog/schema: clickup_db/public
	Autocommit mode: undefined/unknown
	Isolation level: READ_COMMITTED [default READ_COMMITTED]
	JDBC fetch size: none
	Pool: DataSourceConnectionProvider
	Minimum pool size: undefined/unknown
	Maximum pool size: undefined/unknown
2026-06-14T03:19:53.034+05:00  INFO 18757 --- [ClickUp] [main] org.hibernate.orm.core                   : HHH000489: No JTA platform available (set 'hibernate.transaction.jta.platform' to enable JTA platform integration)
2026-06-14T03:19:53.135+05:00  INFO 18757 --- [ClickUp] [main] j.LocalContainerEntityManagerFactoryBean : Initialized JPA EntityManagerFactory for persistence unit 'default'
2026-06-14T03:19:53.213+05:00  INFO 18757 --- [ClickUp] [main] o.s.d.j.r.query.QueryEnhancerFactories   : Hibernate is in classpath; If applicable, HQL parser will be used.
2026-06-14T03:19:53.940+05:00  INFO 18757 --- [ClickUp] [main] r$InitializeUserDetailsManagerConfigurer : Global AuthenticationManager configured with UserDetailsService bean with name customUserDetailsService
2026-06-14T03:19:55.275+05:00  INFO 18757 --- [ClickUp] [main] o.s.boot.tomcat.TomcatWebServer          : Tomcat started on port 8080 (http) with context path '/'
2026-06-14T03:19:55.281+05:00  INFO 18757 --- [ClickUp] [main] u.pdp.online.clickup.ClickUpApplication  : Started ClickUpApplication in 6.984 seconds (process running for 7.722)
2026-06-14T03:22:05.637+05:00  INFO 18757 --- [ClickUp] [SpringApplicationShutdownHook] o.s.boot.tomcat.GracefulShutdown         : Commencing graceful shutdown. Waiting for active requests to complete
2026-06-14T03:22:05.644+05:00  INFO 18757 --- [ClickUp] [tomcat-shutdown] o.s.boot.tomcat.GracefulShutdown         : Graceful shutdown complete
2026-06-14T03:22:05.658+05:00  INFO 18757 --- [ClickUp] [SpringApplicationShutdownHook] j.LocalContainerEntityManagerFactoryBean : Closing JPA EntityManagerFactory for persistence unit 'default'
2026-06-14T03:22:05.666+05:00  INFO 18757 --- [ClickUp] [SpringApplicationShutdownHook] com.zaxxer.hikari.HikariDataSource       : HikariPool-1 - Shutdown initiated...
2026-06-14T03:22:05.688+05:00  INFO 18757 --- [ClickUp] [SpringApplicationShutdownHook] com.zaxxer.hikari.HikariDataSource       : HikariPool-1 - Shutdown completed.
2026-06-14T03:22:08.150+05:00  INFO 18994 --- [ClickUp] [main] u.pdp.online.clickup.ClickUpApplication  : Starting ClickUpApplication using Java 25.0.3 with PID 18994 (/home/ozodbek/IdeaProjects/ClickUp/target/classes started by ozodbek in /home/ozodbek/IdeaProjects/ClickUp)
2026-06-14T03:22:08.154+05:00  INFO 18994 --- [ClickUp] [main] u.pdp.online.clickup.ClickUpApplication  : No active profile set, falling back to 1 default profile: "default"
2026-06-14T03:22:09.001+05:00  INFO 18994 --- [ClickUp] [main] .s.d.r.c.RepositoryConfigurationDelegate : Bootstrapping Spring Data JPA repositories in DEFAULT mode.
2026-06-14T03:22:09.086+05:00  INFO 18994 --- [ClickUp] [main] .s.d.r.c.RepositoryConfigurationDelegate : Finished Spring Data repository scanning in 78 ms. Found 22 JPA repository interfaces.
2026-06-14T03:22:09.750+05:00  INFO 18994 --- [ClickUp] [main] o.s.boot.tomcat.TomcatWebServer          : Tomcat initialized with port 8080 (http)
2026-06-14T03:22:09.762+05:00  INFO 18994 --- [ClickUp] [main] o.apache.catalina.core.StandardService   : Starting service [Tomcat]
2026-06-14T03:22:09.762+05:00  INFO 18994 --- [ClickUp] [main] o.apache.catalina.core.StandardEngine    : Starting Servlet engine: [Apache Tomcat/11.0.21]
2026-06-14T03:22:09.792+05:00  INFO 18994 --- [ClickUp] [main] b.w.c.s.WebApplicationContextInitializer : Root WebApplicationContext: initialization completed in 1589 ms
2026-06-14T03:22:09.935+05:00  INFO 18994 --- [ClickUp] [main] org.hibernate.orm.jpa                    : HHH008540: Processing PersistenceUnitInfo [name: default]
2026-06-14T03:22:09.999+05:00  INFO 18994 --- [ClickUp] [main] org.hibernate.orm.core                   : HHH000001: Hibernate ORM core version 7.2.12.Final
2026-06-14T03:22:10.424+05:00  INFO 18994 --- [ClickUp] [main] o.s.o.j.p.SpringPersistenceUnitInfo      : No LoadTimeWeaver setup: ignoring JPA class transformer
2026-06-14T03:22:10.454+05:00  INFO 18994 --- [ClickUp] [main] com.zaxxer.hikari.HikariDataSource       : HikariPool-1 - Starting...
2026-06-14T03:22:10.792+05:00  INFO 18994 --- [ClickUp] [main] com.zaxxer.hikari.pool.HikariPool        : HikariPool-1 - Added connection org.postgresql.jdbc.PgConnection@59b3f754
2026-06-14T03:22:10.794+05:00  INFO 18994 --- [ClickUp] [main] com.zaxxer.hikari.HikariDataSource       : HikariPool-1 - Start completed.
2026-06-14T03:22:10.820+05:00  WARN 18994 --- [ClickUp] [main] org.hibernate.orm.deprecation            : HHH90000025: PostgreSQLDialect does not need to be specified explicitly using 'hibernate.dialect' (remove the property setting and it will be selected by default)
2026-06-14T03:22:10.839+05:00  INFO 18994 --- [ClickUp] [main] org.hibernate.orm.connections.pooling    : HHH10001005: Database info:
	Database JDBC URL [jdbc:postgresql://localhost:5432/clickup_db]
	Database driver: PostgreSQL JDBC Driver
	Database dialect: PostgreSQLDialect
	Database version: 18.4
	Default catalog/schema: clickup_db/public
	Autocommit mode: undefined/unknown
	Isolation level: READ_COMMITTED [default READ_COMMITTED]
	JDBC fetch size: none
	Pool: DataSourceConnectionProvider
	Minimum pool size: undefined/unknown
	Maximum pool size: undefined/unknown
2026-06-14T03:22:12.341+05:00  INFO 18994 --- [ClickUp] [main] org.hibernate.orm.core                   : HHH000489: No JTA platform available (set 'hibernate.transaction.jta.platform' to enable JTA platform integration)
2026-06-14T03:22:12.451+05:00  INFO 18994 --- [ClickUp] [main] j.LocalContainerEntityManagerFactoryBean : Initialized JPA EntityManagerFactory for persistence unit 'default'
2026-06-14T03:22:12.542+05:00  INFO 18994 --- [ClickUp] [main] o.s.d.j.r.query.QueryEnhancerFactories   : Hibernate is in classpath; If applicable, HQL parser will be used.
2026-06-14T03:22:13.384+05:00  INFO 18994 --- [ClickUp] [main] r$InitializeUserDetailsManagerConfigurer : Global AuthenticationManager configured with UserDetailsService bean with name customUserDetailsService
2026-06-14T03:22:14.865+05:00  INFO 18994 --- [ClickUp] [main] o.s.boot.tomcat.TomcatWebServer          : Tomcat started on port 8080 (http) with context path '/'
2026-06-14T03:22:14.870+05:00  INFO 18994 --- [ClickUp] [main] u.pdp.online.clickup.ClickUpApplication  : Started ClickUpApplication in 7.207 seconds (process running for 7.902)
2026-06-14T03:22:33.819+05:00  INFO 18994 --- [ClickUp] [SpringApplicationShutdownHook] o.s.boot.tomcat.GracefulShutdown         : Commencing graceful shutdown. Waiting for active requests to complete
2026-06-14T03:22:33.824+05:00  INFO 18994 --- [ClickUp] [tomcat-shutdown] o.s.boot.tomcat.GracefulShutdown         : Graceful shutdown complete
2026-06-14T03:22:33.834+05:00  INFO 18994 --- [ClickUp] [SpringApplicationShutdownHook] j.LocalContainerEntityManagerFactoryBean : Closing JPA EntityManagerFactory for persistence unit 'default'
2026-06-14T03:22:33.843+05:00  INFO 18994 --- [ClickUp] [SpringApplicationShutdownHook] com.zaxxer.hikari.HikariDataSource       : HikariPool-1 - Shutdown initiated...
2026-06-14T03:22:33.864+05:00  INFO 18994 --- [ClickUp] [SpringApplicationShutdownHook] com.zaxxer.hikari.HikariDataSource       : HikariPool-1 - Shutdown completed.
2026-06-14T03:22:36.371+05:00  INFO 19172 --- [ClickUp] [main] u.pdp.online.clickup.ClickUpApplication  : Starting ClickUpApplication using Java 25.0.3 with PID 19172 (/home/ozodbek/IdeaProjects/ClickUp/target/classes started by ozodbek in /home/ozodbek/IdeaProjects/ClickUp)
2026-06-14T03:22:36.373+05:00  INFO 19172 --- [ClickUp] [main] u.pdp.online.clickup.ClickUpApplication  : No active profile set, falling back to 1 default profile: "default"
2026-06-14T03:22:37.243+05:00  INFO 19172 --- [ClickUp] [main] .s.d.r.c.RepositoryConfigurationDelegate : Bootstrapping Spring Data JPA repositories in DEFAULT mode.
2026-06-14T03:22:37.333+05:00  INFO 19172 --- [ClickUp] [main] .s.d.r.c.RepositoryConfigurationDelegate : Finished Spring Data repository scanning in 81 ms. Found 22 JPA repository interfaces.
2026-06-14T03:22:37.996+05:00  INFO 19172 --- [ClickUp] [main] o.s.boot.tomcat.TomcatWebServer          : Tomcat initialized with port 8080 (http)
2026-06-14T03:22:38.008+05:00  INFO 19172 --- [ClickUp] [main] o.apache.catalina.core.StandardService   : Starting service [Tomcat]
2026-06-14T03:22:38.008+05:00  INFO 19172 --- [ClickUp] [main] o.apache.catalina.core.StandardEngine    : Starting Servlet engine: [Apache Tomcat/11.0.21]
2026-06-14T03:22:38.041+05:00  INFO 19172 --- [ClickUp] [main] b.w.c.s.WebApplicationContextInitializer : Root WebApplicationContext: initialization completed in 1618 ms
2026-06-14T03:22:38.184+05:00  INFO 19172 --- [ClickUp] [main] org.hibernate.orm.jpa                    : HHH008540: Processing PersistenceUnitInfo [name: default]
2026-06-14T03:22:38.237+05:00  INFO 19172 --- [ClickUp] [main] org.hibernate.orm.core                   : HHH000001: Hibernate ORM core version 7.2.12.Final
2026-06-14T03:22:38.649+05:00  INFO 19172 --- [ClickUp] [main] o.s.o.j.p.SpringPersistenceUnitInfo      : No LoadTimeWeaver setup: ignoring JPA class transformer
2026-06-14T03:22:38.679+05:00  INFO 19172 --- [ClickUp] [main] com.zaxxer.hikari.HikariDataSource       : HikariPool-1 - Starting...
2026-06-14T03:22:39.019+05:00  INFO 19172 --- [ClickUp] [main] com.zaxxer.hikari.pool.HikariPool        : HikariPool-1 - Added connection org.postgresql.jdbc.PgConnection@575d48db
2026-06-14T03:22:39.021+05:00  INFO 19172 --- [ClickUp] [main] com.zaxxer.hikari.HikariDataSource       : HikariPool-1 - Start completed.
2026-06-14T03:22:39.079+05:00  INFO 19172 --- [ClickUp] [main] org.hibernate.orm.connections.pooling    : HHH10001005: Database info:
	Database JDBC URL [jdbc:postgresql://localhost:5432/clickup_db]
	Database driver: PostgreSQL JDBC Driver
	Database dialect: PostgreSQLDialect
	Database version: 18.4
	Default catalog/schema: clickup_db/public
	Autocommit mode: undefined/unknown
	Isolation level: READ_COMMITTED [default READ_COMMITTED]
	JDBC fetch size: none
	Pool: DataSourceConnectionProvider
	Minimum pool size: undefined/unknown
	Maximum pool size: undefined/unknown
2026-06-14T03:22:40.542+05:00  INFO 19172 --- [ClickUp] [main] org.hibernate.orm.core                   : HHH000489: No JTA platform available (set 'hibernate.transaction.jta.platform' to enable JTA platform integration)
2026-06-14T03:22:40.645+05:00  INFO 19172 --- [ClickUp] [main] j.LocalContainerEntityManagerFactoryBean : Initialized JPA EntityManagerFactory for persistence unit 'default'
2026-06-14T03:22:40.738+05:00  INFO 19172 --- [ClickUp] [main] o.s.d.j.r.query.QueryEnhancerFactories   : Hibernate is in classpath; If applicable, HQL parser will be used.
2026-06-14T03:22:41.493+05:00  INFO 19172 --- [ClickUp] [main] r$InitializeUserDetailsManagerConfigurer : Global AuthenticationManager configured with UserDetailsService bean with name customUserDetailsService
2026-06-14T03:22:43.027+05:00  INFO 19172 --- [ClickUp] [main] o.s.boot.tomcat.TomcatWebServer          : Tomcat started on port 8080 (http) with context path '/'
2026-06-14T03:22:43.035+05:00  INFO 19172 --- [ClickUp] [main] u.pdp.online.clickup.ClickUpApplication  : Started ClickUpApplication in 7.147 seconds (process running for 7.821)
2026-06-14T03:22:59.214+05:00  INFO 19172 --- [ClickUp] [SpringApplicationShutdownHook] o.s.boot.tomcat.GracefulShutdown         : Commencing graceful shutdown. Waiting for active requests to complete
2026-06-14T03:22:59.220+05:00  INFO 19172 --- [ClickUp] [tomcat-shutdown] o.s.boot.tomcat.GracefulShutdown         : Graceful shutdown complete
2026-06-14T03:22:59.233+05:00  INFO 19172 --- [ClickUp] [SpringApplicationShutdownHook] j.LocalContainerEntityManagerFactoryBean : Closing JPA EntityManagerFactory for persistence unit 'default'
2026-06-14T03:22:59.238+05:00  INFO 19172 --- [ClickUp] [SpringApplicationShutdownHook] com.zaxxer.hikari.HikariDataSource       : HikariPool-1 - Shutdown initiated...
2026-06-14T03:22:59.253+05:00  INFO 19172 --- [ClickUp] [SpringApplicationShutdownHook] com.zaxxer.hikari.HikariDataSource       : HikariPool-1 - Shutdown completed.
2026-06-14T03:23:01.448+05:00  INFO 19342 --- [ClickUp] [main] u.pdp.online.clickup.ClickUpApplication  : Starting ClickUpApplication using Java 25.0.3 with PID 19342 (/home/ozodbek/IdeaProjects/ClickUp/target/classes started by ozodbek in /home/ozodbek/IdeaProjects/ClickUp)
2026-06-14T03:23:01.452+05:00  INFO 19342 --- [ClickUp] [main] u.pdp.online.clickup.ClickUpApplication  : No active profile set, falling back to 1 default profile: "default"
2026-06-14T03:23:02.591+05:00  INFO 19342 --- [ClickUp] [main] .s.d.r.c.RepositoryConfigurationDelegate : Bootstrapping Spring Data JPA repositories in DEFAULT mode.
2026-06-14T03:23:02.685+05:00  INFO 19342 --- [ClickUp] [main] .s.d.r.c.RepositoryConfigurationDelegate : Finished Spring Data repository scanning in 84 ms. Found 22 JPA repository interfaces.
2026-06-14T03:23:03.281+05:00  INFO 19342 --- [ClickUp] [main] o.s.boot.tomcat.TomcatWebServer          : Tomcat initialized with port 8080 (http)
2026-06-14T03:23:03.307+05:00  INFO 19342 --- [ClickUp] [main] o.apache.catalina.core.StandardService   : Starting service [Tomcat]
2026-06-14T03:23:03.308+05:00  INFO 19342 --- [ClickUp] [main] o.apache.catalina.core.StandardEngine    : Starting Servlet engine: [Apache Tomcat/11.0.21]
2026-06-14T03:23:03.340+05:00  INFO 19342 --- [ClickUp] [main] b.w.c.s.WebApplicationContextInitializer : Root WebApplicationContext: initialization completed in 1836 ms
2026-06-14T03:23:03.470+05:00  INFO 19342 --- [ClickUp] [main] org.hibernate.orm.jpa                    : HHH008540: Processing PersistenceUnitInfo [name: default]
2026-06-14T03:23:03.510+05:00  INFO 19342 --- [ClickUp] [main] org.hibernate.orm.core                   : HHH000001: Hibernate ORM core version 7.2.12.Final
2026-06-14T03:23:03.923+05:00  INFO 19342 --- [ClickUp] [main] o.s.o.j.p.SpringPersistenceUnitInfo      : No LoadTimeWeaver setup: ignoring JPA class transformer
2026-06-14T03:23:03.958+05:00  INFO 19342 --- [ClickUp] [main] com.zaxxer.hikari.HikariDataSource       : HikariPool-1 - Starting...
2026-06-14T03:23:04.292+05:00  INFO 19342 --- [ClickUp] [main] com.zaxxer.hikari.pool.HikariPool        : HikariPool-1 - Added connection org.postgresql.jdbc.PgConnection@3dee3a6c
2026-06-14T03:23:04.294+05:00  INFO 19342 --- [ClickUp] [main] com.zaxxer.hikari.HikariDataSource       : HikariPool-1 - Start completed.
2026-06-14T03:23:04.354+05:00  INFO 19342 --- [ClickUp] [main] org.hibernate.orm.connections.pooling    : HHH10001005: Database info:
	Database JDBC URL [jdbc:postgresql://localhost:5432/clickup_db]
	Database driver: PostgreSQL JDBC Driver
	Database dialect: PostgreSQLDialect
	Database version: 18.4
	Default catalog/schema: clickup_db/public
	Autocommit mode: undefined/unknown
	Isolation level: READ_COMMITTED [default READ_COMMITTED]
	JDBC fetch size: none
	Pool: DataSourceConnectionProvider
	Minimum pool size: undefined/unknown
	Maximum pool size: undefined/unknown
2026-06-14T03:23:06.146+05:00  INFO 19342 --- [ClickUp] [main] org.hibernate.orm.core                   : HHH000489: No JTA platform available (set 'hibernate.transaction.jta.platform' to enable JTA platform integration)
2026-06-14T03:23:06.255+05:00  INFO 19342 --- [ClickUp] [main] j.LocalContainerEntityManagerFactoryBean : Initialized JPA EntityManagerFactory for persistence unit 'default'
2026-06-14T03:23:06.318+05:00  INFO 19342 --- [ClickUp] [main] o.s.d.j.r.query.QueryEnhancerFactories   : Hibernate is in classpath; If applicable, HQL parser will be used.
2026-06-14T03:23:07.005+05:00  INFO 19342 --- [ClickUp] [main] r$InitializeUserDetailsManagerConfigurer : Global AuthenticationManager configured with UserDetailsService bean with name customUserDetailsService
2026-06-14T03:23:08.323+05:00  INFO 19342 --- [ClickUp] [main] o.s.boot.tomcat.TomcatWebServer          : Tomcat started on port 8080 (http) with context path '/'
2026-06-14T03:23:08.329+05:00  INFO 19342 --- [ClickUp] [main] u.pdp.online.clickup.ClickUpApplication  : Started ClickUpApplication in 7.317 seconds (process running for 7.861)
2026-06-14T03:23:12.523+05:00  INFO 19342 --- [ClickUp] [SpringApplicationShutdownHook] o.s.boot.tomcat.GracefulShutdown         : Commencing graceful shutdown. Waiting for active requests to complete
2026-06-14T03:23:12.529+05:00  INFO 19342 --- [ClickUp] [tomcat-shutdown] o.s.boot.tomcat.GracefulShutdown         : Graceful shutdown complete
2026-06-14T03:23:12.544+05:00  INFO 19342 --- [ClickUp] [SpringApplicationShutdownHook] j.LocalContainerEntityManagerFactoryBean : Closing JPA EntityManagerFactory for persistence unit 'default'
2026-06-14T03:23:12.547+05:00  INFO 19342 --- [ClickUp] [SpringApplicationShutdownHook] com.zaxxer.hikari.HikariDataSource       : HikariPool-1 - Shutdown initiated...
2026-06-14T03:23:12.555+05:00  INFO 19342 --- [ClickUp] [SpringApplicationShutdownHook] com.zaxxer.hikari.HikariDataSource       : HikariPool-1 - Shutdown completed.
